<?xml version="1.0" encoding="UTF-8"?>
<testsuite xmlns:xsi="http://www.w3.org/2001/XMLSchema-instance" xsi:noNamespaceSchemaLocation="https://maven.apache.org/surefire/maven-surefire-plugin/xsd/surefire-test-report-3.0.xsd" version="3.0" name="org.vivi.framework.iexcelbatch.IexcelBatchApplicationTests" time="3.578" tests="1" errors="0" skipped="0" failures="0">
  <properties>
[...]
</properties>
  <testcase name="contextLoads" classname="org.vivi.framework.iexcelbatch.IexcelBatchApplicationTests" time="0.566">
    <system-out><![CDATA[20:07:16.691 [main] INFO org.springframework.test.context.support.AnnotationConfigContextLoaderUtils -- Could not detect default configuration classes for test class [org.vivi.framework.iexcelbatch.IexcelBatchApplicationTests]: IexcelBatchApplicationTests does not declare any static, non-private, non-final, nested classes annotated with @Configuration.
20:07:16.754 [main] INFO org.springframework.boot.test.context.SpringBootTestContextBootstrapper -- Found @SpringBootConfiguration org.vivi.framework.iexcelbatch.IexcelBatchApplication for test class org.vivi.framework.iexcelbatch.IexcelBatchApplicationTests

  .   ____          _            __ _ _
 /\\ / ___'_ __ _ _(_)_ __  __ _ \ \ \ \
( ( )\___ | '_ | '_| | '_ \/ _` | \ \ \ \
 \\/  ___)| |_)| | | | | || (_| |  ) ) ) )
  '  |____| .__|_| |_|_| |_\__, | / / / /
 =========|_|==============|___/=/_/_/_/
 :: Spring Boot ::                (v3.1.6)

2024-08-03T20:07:17.192+08:00  INFO 440572 --- [           main] o.v.f.i.IexcelBatchApplicationTests      : Starting IexcelBatchApplicationTests using Java 22 with PID 440572 (started by vivi in E:\IdeaProjects\springboot3-learning\springboot3-iexcel\springboot3-iexcel-batch)
2024-08-03T20:07:17.193+08:00 DEBUG 440572 --- [           main] o.v.f.i.IexcelBatchApplicationTests      : Running with Spring Boot v3.1.6, Spring v6.0.14
2024-08-03T20:07:17.193+08:00  INFO 440572 --- [           main] o.v.f.i.IexcelBatchApplicationTests      : No active profile set, falling back to 1 default profile: "default"
2024-08-03T20:07:18.698+08:00  INFO 440572 --- [           main] com.alibaba.druid.pool.DruidDataSource   : {dataSource-1} inited
 _ _   |_  _ _|_. ___ _ |    _ 
| | |\/|_)(_| | |_\  |_)||_|_\ 
     /               |         
                        3.5.6 
2024-08-03T20:07:19.551+08:00  INFO 440572 --- [           main] o.v.f.i.IexcelBatchApplicationTests      : Started IexcelBatchApplicationTests in 2.705 seconds (process running for 3.357)
]]></system-out>
    <system-err><![CDATA[WARNING: A Java agent has been loaded dynamically (C:\Users\vivi\.m2\repository\net\bytebuddy\byte-buddy-agent\1.14.10\byte-buddy-agent-1.14.10.jar)
WARNING: If a serviceability tool is in use, please run with -XX:+EnableDynamicAgentLoading to hide this warning
WARNING: If a serviceability tool is not in use, please run with -Djdk.instrument.traceUsage for more information
WARNING: Dynamic loading of agents will be disallowed by default in a future release
]]></system-err>
  </testcase>
</testsuite>